ARM GAS  C:\Users\Haythem\AppData\Local\Temp\ccfZ0Z6m.s 			page 1


   1              		.syntax unified
   2              		.cpu cortex-m3
   3              		.fpu softvfp
   4              		.eabi_attribute 20, 1
   5              		.eabi_attribute 21, 1
   6              		.eabi_attribute 23, 3
   7              		.eabi_attribute 24, 1
   8              		.eabi_attribute 25, 1
   9              		.eabi_attribute 26, 1
  10              		.eabi_attribute 30, 1
  11              		.eabi_attribute 34, 1
  12              		.eabi_attribute 18, 4
  13              		.thumb
  14              		.syntax unified
  15              		.file	"cymetadata.c"
  16              		.text
  17              	.Ltext0:
  18              		.cfi_sections	.debug_frame
  19              		.global	cy_metadata
  20              		.global	cy_meta_flashprotect
  21              		.global	cy_meta_wonvl
  22              		.global	cy_meta_custnvl
  23              		.global	cy_meta_configecc
  24              		.section	.cyconfigecc,"a",%progbits
  25              		.align	2
  26              		.type	cy_meta_configecc, %object
  27              		.size	cy_meta_configecc, 336
  28              	cy_meta_configecc:
  29 0000 02       		.byte	2
  30 0001 4F       		.byte	79
  31 0002 00       		.byte	0
  32 0003 40       		.byte	64
  33 0004 01       		.byte	1
  34 0005 52       		.byte	82
  35 0006 00       		.byte	0
  36 0007 40       		.byte	64
  37 0008 01       		.byte	1
  38 0009 64       		.byte	100
  39 000a 00       		.byte	0
  40 000b 40       		.byte	64
  41 000c 01       		.byte	1
  42 000d 01       		.byte	1
  43 000e 01       		.byte	1
  44 000f 40       		.byte	64
  45 0010 01       		.byte	1
  46 0011 07       		.byte	7
  47 0012 01       		.byte	1
  48 0013 40       		.byte	64
  49 0014 02       		.byte	2
  50 0015 09       		.byte	9
  51 0016 01       		.byte	1
  52 0017 40       		.byte	64
  53 0018 3C       		.byte	60
  54 0019 0A       		.byte	10
  55 001a 01       		.byte	1
  56 001b 40       		.byte	64
  57 001c 1C       		.byte	28
ARM GAS  C:\Users\Haythem\AppData\Local\Temp\ccfZ0Z6m.s 			page 2


  58 001d 0B       		.byte	11
  59 001e 01       		.byte	1
  60 001f 40       		.byte	64
  61 0020 04       		.byte	4
  62 0021 0E       		.byte	14
  63 0022 01       		.byte	1
  64 0023 40       		.byte	64
  65 0024 02       		.byte	2
  66 0025 0F       		.byte	15
  67 0026 01       		.byte	1
  68 0027 40       		.byte	64
  69 0028 02       		.byte	2
  70 0029 40       		.byte	64
  71 002a 01       		.byte	1
  72 002b 40       		.byte	64
  73 002c 01       		.byte	1
  74 002d 41       		.byte	65
  75 002e 01       		.byte	1
  76 002f 40       		.byte	64
  77 0030 03       		.byte	3
  78 0031 42       		.byte	66
  79 0032 01       		.byte	1
  80 0033 40       		.byte	64
  81 0034 02       		.byte	2
  82 0035 43       		.byte	67
  83 0036 01       		.byte	1
  84 0037 40       		.byte	64
  85 0038 03       		.byte	3
  86 0039 48       		.byte	72
  87 003a 01       		.byte	1
  88 003b 40       		.byte	64
  89 003c 02       		.byte	2
  90 003d 50       		.byte	80
  91 003e 01       		.byte	1
  92 003f 40       		.byte	64
  93 0040 01       		.byte	1
  94 0041 80       		.byte	-128
  95 0042 0A       		.byte	10
  96 0043 4B       		.byte	75
  97 0044 79       		.byte	121
  98 0045 01       		.byte	1
  99 0046 8B       		.byte	-117
 100 0047 0D       		.byte	13
 101 0048 E2       		.byte	-30
 102 0049 08       		.byte	8
 103 004a E6       		.byte	-26
 104 004b 01       		.byte	1
 105 004c 82       		.byte	-126
 106 004d 01       		.byte	1
 107 004e A2       		.byte	-94
 108 004f 01       		.byte	1
 109 0050 40       		.byte	64
 110 0051 30       		.byte	48
 111 0052 41       		.byte	65
 112 0053 04       		.byte	4
 113 0054 49       		.byte	73
 114 0055 FF       		.byte	-1
ARM GAS  C:\Users\Haythem\AppData\Local\Temp\ccfZ0Z6m.s 			page 3


 115 0056 4A       		.byte	74
 116 0057 FF       		.byte	-1
 117 0058 4B       		.byte	75
 118 0059 FF       		.byte	-1
 119 005a 4D       		.byte	77
 120 005b A0       		.byte	-96
 121 005c 4F       		.byte	79
 122 005d 04       		.byte	4
 123 005e 50       		.byte	80
 124 005f 18       		.byte	24
 125 0060 5A       		.byte	90
 126 0061 04       		.byte	4
 127 0062 5F       		.byte	95
 128 0063 01       		.byte	1
 129 0064 60       		.byte	96
 130 0065 40       		.byte	64
 131 0066 62       		.byte	98
 132 0067 C0       		.byte	-64
 133 0068 64       		.byte	100
 134 0069 40       		.byte	64
 135 006a 65       		.byte	101
 136 006b 40       		.byte	64
 137 006c 66       		.byte	102
 138 006d C0       		.byte	-64
 139 006e 68       		.byte	104
 140 006f C0       		.byte	-64
 141 0070 6A       		.byte	106
 142 0071 C0       		.byte	-64
 143 0072 6C       		.byte	108
 144 0073 C0       		.byte	-64
 145 0074 6E       		.byte	110
 146 0075 C0       		.byte	-64
 147 0076 82       		.byte	-126
 148 0077 02       		.byte	2
 149 0078 83       		.byte	-125
 150 0079 01       		.byte	1
 151 007a 8A       		.byte	-118
 152 007b 06       		.byte	6
 153 007c 9E       		.byte	-98
 154 007d 0C       		.byte	12
 155 007e AD       		.byte	-83
 156 007f 01       		.byte	1
 157 0080 AE       		.byte	-82
 158 0081 01       		.byte	1
 159 0082 B0       		.byte	-80
 160 0083 08       		.byte	8
 161 0084 B2       		.byte	-78
 162 0085 01       		.byte	1
 163 0086 B4       		.byte	-76
 164 0087 02       		.byte	2
 165 0088 B6       		.byte	-74
 166 0089 04       		.byte	4
 167 008a B7       		.byte	-73
 168 008b 01       		.byte	1
 169 008c BE       		.byte	-66
 170 008d 10       		.byte	16
 171 008e C0       		.byte	-64
ARM GAS  C:\Users\Haythem\AppData\Local\Temp\ccfZ0Z6m.s 			page 4


 172 008f 30       		.byte	48
 173 0090 C1       		.byte	-63
 174 0091 04       		.byte	4
 175 0092 C5       		.byte	-59
 176 0093 D0       		.byte	-48
 177 0094 C6       		.byte	-58
 178 0095 02       		.byte	2
 179 0096 C7       		.byte	-57
 180 0097 10       		.byte	16
 181 0098 C8       		.byte	-56
 182 0099 26       		.byte	38
 183 009a C9       		.byte	-55
 184 009b FF       		.byte	-1
 185 009c CA       		.byte	-54
 186 009d FF       		.byte	-1
 187 009e CB       		.byte	-53
 188 009f FF       		.byte	-1
 189 00a0 CD       		.byte	-51
 190 00a1 AF       		.byte	-81
 191 00a2 CE       		.byte	-50
 192 00a3 0F       		.byte	15
 193 00a4 CF       		.byte	-49
 194 00a5 04       		.byte	4
 195 00a6 D0       		.byte	-48
 196 00a7 18       		.byte	24
 197 00a8 D2       		.byte	-46
 198 00a9 80       		.byte	-128
 199 00aa D4       		.byte	-44
 200 00ab 05       		.byte	5
 201 00ac D8       		.byte	-40
 202 00ad 04       		.byte	4
 203 00ae D9       		.byte	-39
 204 00af 04       		.byte	4
 205 00b0 DA       		.byte	-38
 206 00b1 04       		.byte	4
 207 00b2 DB       		.byte	-37
 208 00b3 04       		.byte	4
 209 00b4 DF       		.byte	-33
 210 00b5 01       		.byte	1
 211 00b6 E0       		.byte	-32
 212 00b7 40       		.byte	64
 213 00b8 E2       		.byte	-30
 214 00b9 C0       		.byte	-64
 215 00ba E4       		.byte	-28
 216 00bb 40       		.byte	64
 217 00bc E5       		.byte	-27
 218 00bd 40       		.byte	64
 219 00be E6       		.byte	-26
 220 00bf C0       		.byte	-64
 221 00c0 E8       		.byte	-24
 222 00c1 C0       		.byte	-64
 223 00c2 EA       		.byte	-22
 224 00c3 C0       		.byte	-64
 225 00c4 EC       		.byte	-20
 226 00c5 C0       		.byte	-64
 227 00c6 EE       		.byte	-18
 228 00c7 C0       		.byte	-64
ARM GAS  C:\Users\Haythem\AppData\Local\Temp\ccfZ0Z6m.s 			page 5


 229 00c8 04       		.byte	4
 230 00c9 10       		.byte	16
 231 00ca 06       		.byte	6
 232 00cb 80       		.byte	-128
 233 00cc 0F       		.byte	15
 234 00cd 02       		.byte	2
 235 00ce 17       		.byte	23
 236 00cf 40       		.byte	64
 237 00d0 1C       		.byte	28
 238 00d1 10       		.byte	16
 239 00d2 1D       		.byte	29
 240 00d3 08       		.byte	8
 241 00d4 1E       		.byte	30
 242 00d5 0A       		.byte	10
 243 00d6 1F       		.byte	31
 244 00d7 02       		.byte	2
 245 00d8 26       		.byte	38
 246 00d9 40       		.byte	64
 247 00da 2F       		.byte	47
 248 00db 02       		.byte	2
 249 00dc 3F       		.byte	63
 250 00dd 02       		.byte	2
 251 00de 40       		.byte	64
 252 00df 10       		.byte	16
 253 00e0 42       		.byte	66
 254 00e1 80       		.byte	-128
 255 00e2 45       		.byte	69
 256 00e3 08       		.byte	8
 257 00e4 46       		.byte	70
 258 00e5 80       		.byte	-128
 259 00e6 4F       		.byte	79
 260 00e7 01       		.byte	1
 261 00e8 56       		.byte	86
 262 00e9 80       		.byte	-128
 263 00ea 57       		.byte	87
 264 00eb 01       		.byte	1
 265 00ec 5E       		.byte	94
 266 00ed 88       		.byte	-120
 267 00ee 5F       		.byte	95
 268 00ef 01       		.byte	1
 269 00f0 77       		.byte	119
 270 00f1 40       		.byte	64
 271 00f2 C0       		.byte	-64
 272 00f3 50       		.byte	80
 273 00f4 C2       		.byte	-62
 274 00f5 80       		.byte	-128
 275 00f6 C4       		.byte	-60
 276 00f7 80       		.byte	-128
 277 00f8 CA       		.byte	-54
 278 00f9 10       		.byte	16
 279 00fa CE       		.byte	-50
 280 00fb 80       		.byte	-128
 281 00fc D0       		.byte	-48
 282 00fd C3       		.byte	-61
 283 00fe D6       		.byte	-42
 284 00ff D0       		.byte	-48
 285 0100 B8       		.byte	-72
ARM GAS  C:\Users\Haythem\AppData\Local\Temp\ccfZ0Z6m.s 			page 6


 286 0101 80       		.byte	-128
 287 0102 BE       		.byte	-66
 288 0103 40       		.byte	64
 289 0104 D8       		.byte	-40
 290 0105 04       		.byte	4
 291 0106 DF       		.byte	-33
 292 0107 01       		.byte	1
 293 0108 1F       		.byte	31
 294 0109 40       		.byte	64
 295 010a 87       		.byte	-121
 296 010b 40       		.byte	64
 297 010c 86       		.byte	-122
 298 010d 01       		.byte	1
 299 010e E2       		.byte	-30
 300 010f 10       		.byte	16
 301 0110 92       		.byte	-110
 302 0111 01       		.byte	1
 303 0112 5A       		.byte	90
 304 0113 01       		.byte	1
 305 0114 92       		.byte	-110
 306 0115 01       		.byte	1
 307 0116 D6       		.byte	-42
 308 0117 40       		.byte	64
 309 0118 83       		.byte	-125
 310 0119 40       		.byte	64
 311 011a E6       		.byte	-26
 312 011b 80       		.byte	-128
 313 011c 5B       		.byte	91
 314 011d 40       		.byte	64
 315 011e 9B       		.byte	-101
 316 011f 40       		.byte	64
 317 0120 D4       		.byte	-44
 318 0121 80       		.byte	-128
 319 0122 00       		.byte	0
 320 0123 01       		.byte	1
 321 0124 0C       		.byte	12
 322 0125 01       		.byte	1
 323 0126 00       		.byte	0
 324 0127 00       		.byte	0
 325 0128 00       		.byte	0
 326 0129 3C       		.byte	60
 327 012a 3C       		.byte	60
 328 012b 00       		.byte	0
 329 012c 00       		.byte	0
 330 012d 00       		.byte	0
 331 012e 00       		.byte	0
 332 012f 00       		.byte	0
 333 0130 3C       		.byte	60
 334 0131 00       		.byte	0
 335 0132 00       		.byte	0
 336 0133 00       		.byte	0
 337 0134 00       		.byte	0
 338 0135 00       		.byte	0
 339 0136 00       		.byte	0
 340 0137 00       		.byte	0
 341 0138 00       		.byte	0
 342 0139 01       		.byte	1
ARM GAS  C:\Users\Haythem\AppData\Local\Temp\ccfZ0Z6m.s 			page 7


 343 013a 01       		.byte	1
 344 013b 00       		.byte	0
 345 013c 01       		.byte	1
 346 013d 00       		.byte	0
 347 013e 00       		.byte	0
 348 013f 00       		.byte	0
 349 0140 00       		.byte	0
 350 0141 3F       		.byte	63
 351 0142 3F       		.byte	63
 352 0143 00       		.byte	0
 353 0144 00       		.byte	0
 354 0145 00       		.byte	0
 355 0146 00       		.byte	0
 356 0147 00       		.byte	0
 357 0148 00       		.byte	0
 358 0149 80       		.byte	-128
 359 014a 80       		.byte	-128
 360 014b 00       		.byte	0
 361 014c 00       		.byte	0
 362 014d 00       		.byte	0
 363 014e 00       		.byte	0
 364 014f 00       		.byte	0
 365              		.section	.cywolatch,"a",%progbits
 366              		.align	2
 367              		.type	cy_meta_wonvl, %object
 368              		.size	cy_meta_wonvl, 4
 369              	cy_meta_wonvl:
 370 0000 BC       		.byte	-68
 371 0001 90       		.byte	-112
 372 0002 AC       		.byte	-84
 373 0003 AF       		.byte	-81
 374              		.section	.cycustnvl,"a",%progbits
 375              		.align	2
 376              		.type	cy_meta_custnvl, %object
 377              		.size	cy_meta_custnvl, 4
 378              	cy_meta_custnvl:
 379 0000 00       		.byte	0
 380 0001 00       		.byte	0
 381 0002 40       		.byte	64
 382 0003 05       		.byte	5
 383              		.section	.cymeta,"a",%progbits
 384              		.align	2
 385              		.type	cy_metadata, %object
 386              		.size	cy_metadata, 12
 387              	cy_metadata:
 388 0000 00       		.byte	0
 389 0001 01       		.byte	1
 390 0002 2E       		.byte	46
 391 0003 16       		.byte	22
 392 0004 10       		.byte	16
 393 0005 69       		.byte	105
 394 0006 00       		.byte	0
 395 0007 01       		.byte	1
 396 0008 00       		.byte	0
 397 0009 00       		.byte	0
 398 000a 00       		.byte	0
 399 000b 00       		.byte	0
ARM GAS  C:\Users\Haythem\AppData\Local\Temp\ccfZ0Z6m.s 			page 8


 400              		.section	.cyflashprotect,"a",%progbits
 401              		.align	2
 402              		.type	cy_meta_flashprotect, %object
 403              		.size	cy_meta_flashprotect, 256
 404              	cy_meta_flashprotect:
 405 0000 00000000 		.space	256
 405      00000000 
 405      00000000 
 405      00000000 
 405      00000000 
 406              		.text
 407              	.Letext0:
 408              		.file 1 "c:\\program files (x86)\\cypress\\psoc creator\\4.4\\psoc creator\\import\\gnu\\arm\\5.4.
 409              		.file 2 "c:\\program files (x86)\\cypress\\psoc creator\\4.4\\psoc creator\\import\\gnu\\arm\\5.4.
 410              		.file 3 "Generated_Source\\PSoC5\\cymetadata.c"
 411              		.section	.debug_info,"",%progbits
 412              	.Ldebug_info0:
 413 0000 31010000 		.4byte	0x131
 414 0004 0400     		.2byte	0x4
 415 0006 00000000 		.4byte	.Ldebug_abbrev0
 416 000a 04       		.byte	0x4
 417 000b 01       		.uleb128 0x1
 418 000c 6E000000 		.4byte	.LASF17
 419 0010 0C       		.byte	0xc
 420 0011 C8010000 		.4byte	.LASF18
 421 0015 0A000000 		.4byte	.LASF19
 422 0019 00000000 		.4byte	.Ldebug_line0
 423 001d 02       		.uleb128 0x2
 424 001e 01       		.byte	0x1
 425 001f 06       		.byte	0x6
 426 0020 BC010000 		.4byte	.LASF0
 427 0024 03       		.uleb128 0x3
 428 0025 00000000 		.4byte	.LASF9
 429 0029 01       		.byte	0x1
 430 002a 1D       		.byte	0x1d
 431 002b 2F000000 		.4byte	0x2f
 432 002f 02       		.uleb128 0x2
 433 0030 01       		.byte	0x1
 434 0031 08       		.byte	0x8
 435 0032 60000000 		.4byte	.LASF1
 436 0036 02       		.uleb128 0x2
 437 0037 02       		.byte	0x2
 438 0038 05       		.byte	0x5
 439 0039 A9010000 		.4byte	.LASF2
 440 003d 02       		.uleb128 0x2
 441 003e 02       		.byte	0x2
 442 003f 07       		.byte	0x7
 443 0040 0E010000 		.4byte	.LASF3
 444 0044 02       		.uleb128 0x2
 445 0045 04       		.byte	0x4
 446 0046 05       		.byte	0x5
 447 0047 B3010000 		.4byte	.LASF4
 448 004b 02       		.uleb128 0x2
 449 004c 04       		.byte	0x4
 450 004d 07       		.byte	0x7
 451 004e FC000000 		.4byte	.LASF5
 452 0052 02       		.uleb128 0x2
ARM GAS  C:\Users\Haythem\AppData\Local\Temp\ccfZ0Z6m.s 			page 9


 453 0053 08       		.byte	0x8
 454 0054 05       		.byte	0x5
 455 0055 9B010000 		.4byte	.LASF6
 456 0059 02       		.uleb128 0x2
 457 005a 08       		.byte	0x8
 458 005b 07       		.byte	0x7
 459 005c 50010000 		.4byte	.LASF7
 460 0060 04       		.uleb128 0x4
 461 0061 04       		.byte	0x4
 462 0062 05       		.byte	0x5
 463 0063 696E7400 		.ascii	"int\000"
 464 0067 02       		.uleb128 0x2
 465 0068 04       		.byte	0x4
 466 0069 07       		.byte	0x7
 467 006a 43010000 		.4byte	.LASF8
 468 006e 03       		.uleb128 0x3
 469 006f 67010000 		.4byte	.LASF10
 470 0073 02       		.byte	0x2
 471 0074 18       		.byte	0x18
 472 0075 24000000 		.4byte	0x24
 473 0079 05       		.uleb128 0x5
 474 007a 91000000 		.4byte	0x91
 475 007e 8A000000 		.4byte	0x8a
 476 0082 06       		.uleb128 0x6
 477 0083 8A000000 		.4byte	0x8a
 478 0087 4F01     		.2byte	0x14f
 479 0089 00       		.byte	0
 480 008a 02       		.uleb128 0x2
 481 008b 04       		.byte	0x4
 482 008c 07       		.byte	0x7
 483 008d 92010000 		.4byte	.LASF11
 484 0091 07       		.uleb128 0x7
 485 0092 6E000000 		.4byte	0x6e
 486 0096 08       		.uleb128 0x8
 487 0097 31010000 		.4byte	.LASF12
 488 009b 03       		.byte	0x3
 489 009c 1F       		.byte	0x1f
 490 009d A7000000 		.4byte	0xa7
 491 00a1 05       		.uleb128 0x5
 492 00a2 03       		.byte	0x3
 493 00a3 00000000 		.4byte	cy_meta_configecc
 494 00a7 07       		.uleb128 0x7
 495 00a8 79000000 		.4byte	0x79
 496 00ac 05       		.uleb128 0x5
 497 00ad 91000000 		.4byte	0x91
 498 00b1 BC000000 		.4byte	0xbc
 499 00b5 09       		.uleb128 0x9
 500 00b6 8A000000 		.4byte	0x8a
 501 00ba 03       		.byte	0x3
 502 00bb 00       		.byte	0
 503 00bc 08       		.uleb128 0x8
 504 00bd 21010000 		.4byte	.LASF13
 505 00c1 03       		.byte	0x3
 506 00c2 56       		.byte	0x56
 507 00c3 CD000000 		.4byte	0xcd
 508 00c7 05       		.uleb128 0x5
 509 00c8 03       		.byte	0x3
ARM GAS  C:\Users\Haythem\AppData\Local\Temp\ccfZ0Z6m.s 			page 10


 510 00c9 00000000 		.4byte	cy_meta_custnvl
 511 00cd 07       		.uleb128 0x7
 512 00ce AC000000 		.4byte	0xac
 513 00d2 08       		.uleb128 0x8
 514 00d3 84010000 		.4byte	.LASF14
 515 00d7 03       		.byte	0x3
 516 00d8 64       		.byte	0x64
 517 00d9 E3000000 		.4byte	0xe3
 518 00dd 05       		.uleb128 0x5
 519 00de 03       		.byte	0x3
 520 00df 00000000 		.4byte	cy_meta_wonvl
 521 00e3 07       		.uleb128 0x7
 522 00e4 AC000000 		.4byte	0xac
 523 00e8 05       		.uleb128 0x5
 524 00e9 91000000 		.4byte	0x91
 525 00ed F8000000 		.4byte	0xf8
 526 00f1 09       		.uleb128 0x9
 527 00f2 8A000000 		.4byte	0x8a
 528 00f6 FF       		.byte	0xff
 529 00f7 00       		.byte	0
 530 00f8 08       		.uleb128 0x8
 531 00f9 6F010000 		.4byte	.LASF15
 532 00fd 03       		.byte	0x3
 533 00fe 72       		.byte	0x72
 534 00ff 09010000 		.4byte	0x109
 535 0103 05       		.uleb128 0x5
 536 0104 03       		.byte	0x3
 537 0105 00000000 		.4byte	cy_meta_flashprotect
 538 0109 07       		.uleb128 0x7
 539 010a E8000000 		.4byte	0xe8
 540 010e 05       		.uleb128 0x5
 541 010f 91000000 		.4byte	0x91
 542 0113 1E010000 		.4byte	0x11e
 543 0117 09       		.uleb128 0x9
 544 0118 8A000000 		.4byte	0x8a
 545 011c 0B       		.byte	0xb
 546 011d 00       		.byte	0
 547 011e 08       		.uleb128 0x8
 548 011f 54000000 		.4byte	.LASF16
 549 0123 03       		.byte	0x3
 550 0124 9F       		.byte	0x9f
 551 0125 2F010000 		.4byte	0x12f
 552 0129 05       		.uleb128 0x5
 553 012a 03       		.byte	0x3
 554 012b 00000000 		.4byte	cy_metadata
 555 012f 07       		.uleb128 0x7
 556 0130 0E010000 		.4byte	0x10e
 557 0134 00       		.byte	0
 558              		.section	.debug_abbrev,"",%progbits
 559              	.Ldebug_abbrev0:
 560 0000 01       		.uleb128 0x1
 561 0001 11       		.uleb128 0x11
 562 0002 01       		.byte	0x1
 563 0003 25       		.uleb128 0x25
 564 0004 0E       		.uleb128 0xe
 565 0005 13       		.uleb128 0x13
 566 0006 0B       		.uleb128 0xb
ARM GAS  C:\Users\Haythem\AppData\Local\Temp\ccfZ0Z6m.s 			page 11


 567 0007 03       		.uleb128 0x3
 568 0008 0E       		.uleb128 0xe
 569 0009 1B       		.uleb128 0x1b
 570 000a 0E       		.uleb128 0xe
 571 000b 10       		.uleb128 0x10
 572 000c 17       		.uleb128 0x17
 573 000d 00       		.byte	0
 574 000e 00       		.byte	0
 575 000f 02       		.uleb128 0x2
 576 0010 24       		.uleb128 0x24
 577 0011 00       		.byte	0
 578 0012 0B       		.uleb128 0xb
 579 0013 0B       		.uleb128 0xb
 580 0014 3E       		.uleb128 0x3e
 581 0015 0B       		.uleb128 0xb
 582 0016 03       		.uleb128 0x3
 583 0017 0E       		.uleb128 0xe
 584 0018 00       		.byte	0
 585 0019 00       		.byte	0
 586 001a 03       		.uleb128 0x3
 587 001b 16       		.uleb128 0x16
 588 001c 00       		.byte	0
 589 001d 03       		.uleb128 0x3
 590 001e 0E       		.uleb128 0xe
 591 001f 3A       		.uleb128 0x3a
 592 0020 0B       		.uleb128 0xb
 593 0021 3B       		.uleb128 0x3b
 594 0022 0B       		.uleb128 0xb
 595 0023 49       		.uleb128 0x49
 596 0024 13       		.uleb128 0x13
 597 0025 00       		.byte	0
 598 0026 00       		.byte	0
 599 0027 04       		.uleb128 0x4
 600 0028 24       		.uleb128 0x24
 601 0029 00       		.byte	0
 602 002a 0B       		.uleb128 0xb
 603 002b 0B       		.uleb128 0xb
 604 002c 3E       		.uleb128 0x3e
 605 002d 0B       		.uleb128 0xb
 606 002e 03       		.uleb128 0x3
 607 002f 08       		.uleb128 0x8
 608 0030 00       		.byte	0
 609 0031 00       		.byte	0
 610 0032 05       		.uleb128 0x5
 611 0033 01       		.uleb128 0x1
 612 0034 01       		.byte	0x1
 613 0035 49       		.uleb128 0x49
 614 0036 13       		.uleb128 0x13
 615 0037 01       		.uleb128 0x1
 616 0038 13       		.uleb128 0x13
 617 0039 00       		.byte	0
 618 003a 00       		.byte	0
 619 003b 06       		.uleb128 0x6
 620 003c 21       		.uleb128 0x21
 621 003d 00       		.byte	0
 622 003e 49       		.uleb128 0x49
 623 003f 13       		.uleb128 0x13
ARM GAS  C:\Users\Haythem\AppData\Local\Temp\ccfZ0Z6m.s 			page 12


 624 0040 2F       		.uleb128 0x2f
 625 0041 05       		.uleb128 0x5
 626 0042 00       		.byte	0
 627 0043 00       		.byte	0
 628 0044 07       		.uleb128 0x7
 629 0045 26       		.uleb128 0x26
 630 0046 00       		.byte	0
 631 0047 49       		.uleb128 0x49
 632 0048 13       		.uleb128 0x13
 633 0049 00       		.byte	0
 634 004a 00       		.byte	0
 635 004b 08       		.uleb128 0x8
 636 004c 34       		.uleb128 0x34
 637 004d 00       		.byte	0
 638 004e 03       		.uleb128 0x3
 639 004f 0E       		.uleb128 0xe
 640 0050 3A       		.uleb128 0x3a
 641 0051 0B       		.uleb128 0xb
 642 0052 3B       		.uleb128 0x3b
 643 0053 0B       		.uleb128 0xb
 644 0054 49       		.uleb128 0x49
 645 0055 13       		.uleb128 0x13
 646 0056 3F       		.uleb128 0x3f
 647 0057 19       		.uleb128 0x19
 648 0058 02       		.uleb128 0x2
 649 0059 18       		.uleb128 0x18
 650 005a 00       		.byte	0
 651 005b 00       		.byte	0
 652 005c 09       		.uleb128 0x9
 653 005d 21       		.uleb128 0x21
 654 005e 00       		.byte	0
 655 005f 49       		.uleb128 0x49
 656 0060 13       		.uleb128 0x13
 657 0061 2F       		.uleb128 0x2f
 658 0062 0B       		.uleb128 0xb
 659 0063 00       		.byte	0
 660 0064 00       		.byte	0
 661 0065 00       		.byte	0
 662              		.section	.debug_aranges,"",%progbits
 663 0000 14000000 		.4byte	0x14
 664 0004 0200     		.2byte	0x2
 665 0006 00000000 		.4byte	.Ldebug_info0
 666 000a 04       		.byte	0x4
 667 000b 00       		.byte	0
 668 000c 0000     		.2byte	0
 669 000e 0000     		.2byte	0
 670 0010 00000000 		.4byte	0
 671 0014 00000000 		.4byte	0
 672              		.section	.debug_line,"",%progbits
 673              	.Ldebug_line0:
 674 0000 3D010000 		.section	.debug_str,"MS",%progbits,1
 674      02003701 
 674      00000201 
 674      FB0E0D00 
 674      01010101 
 675              	.LASF9:
 676 0000 5F5F7569 		.ascii	"__uint8_t\000"
ARM GAS  C:\Users\Haythem\AppData\Local\Temp\ccfZ0Z6m.s 			page 13


 676      6E74385F 
 676      7400
 677              	.LASF19:
 678 000a 433A5C55 		.ascii	"C:\\Users\\Haythem\\Documents\\ULB\\PROJ-H402\\Code"
 678      73657273 
 678      5C486179 
 678      7468656D 
 678      5C446F63 
 679 0037 5C576F72 		.ascii	"\\Workspace01\\PROJ-H402.cydsn\000"
 679      6B737061 
 679      63653031 
 679      5C50524F 
 679      4A2D4834 
 680              	.LASF16:
 681 0054 63795F6D 		.ascii	"cy_metadata\000"
 681      65746164 
 681      61746100 
 682              	.LASF1:
 683 0060 756E7369 		.ascii	"unsigned char\000"
 683      676E6564 
 683      20636861 
 683      7200
 684              	.LASF17:
 685 006e 474E5520 		.ascii	"GNU C11 5.4.1 20160609 (release) [ARM/embedded-5-br"
 685      43313120 
 685      352E342E 
 685      31203230 
 685      31363036 
 686 00a1 616E6368 		.ascii	"anch revision 237715] -mcpu=cortex-m3 -mthumb -g -O"
 686      20726576 
 686      6973696F 
 686      6E203233 
 686      37373135 
 687 00d4 67202D66 		.ascii	"g -ffunction-sections -ffat-lto-objects\000"
 687      66756E63 
 687      74696F6E 
 687      2D736563 
 687      74696F6E 
 688              	.LASF5:
 689 00fc 6C6F6E67 		.ascii	"long unsigned int\000"
 689      20756E73 
 689      69676E65 
 689      6420696E 
 689      7400
 690              	.LASF3:
 691 010e 73686F72 		.ascii	"short unsigned int\000"
 691      7420756E 
 691      7369676E 
 691      65642069 
 691      6E7400
 692              	.LASF13:
 693 0121 63795F6D 		.ascii	"cy_meta_custnvl\000"
 693      6574615F 
 693      63757374 
 693      6E766C00 
 694              	.LASF12:
 695 0131 63795F6D 		.ascii	"cy_meta_configecc\000"
ARM GAS  C:\Users\Haythem\AppData\Local\Temp\ccfZ0Z6m.s 			page 14


 695      6574615F 
 695      636F6E66 
 695      69676563 
 695      6300
 696              	.LASF8:
 697 0143 756E7369 		.ascii	"unsigned int\000"
 697      676E6564 
 697      20696E74 
 697      00
 698              	.LASF7:
 699 0150 6C6F6E67 		.ascii	"long long unsigned int\000"
 699      206C6F6E 
 699      6720756E 
 699      7369676E 
 699      65642069 
 700              	.LASF10:
 701 0167 75696E74 		.ascii	"uint8_t\000"
 701      385F7400 
 702              	.LASF15:
 703 016f 63795F6D 		.ascii	"cy_meta_flashprotect\000"
 703      6574615F 
 703      666C6173 
 703      6870726F 
 703      74656374 
 704              	.LASF14:
 705 0184 63795F6D 		.ascii	"cy_meta_wonvl\000"
 705      6574615F 
 705      776F6E76 
 705      6C00
 706              	.LASF11:
 707 0192 73697A65 		.ascii	"sizetype\000"
 707      74797065 
 707      00
 708              	.LASF6:
 709 019b 6C6F6E67 		.ascii	"long long int\000"
 709      206C6F6E 
 709      6720696E 
 709      7400
 710              	.LASF2:
 711 01a9 73686F72 		.ascii	"short int\000"
 711      7420696E 
 711      7400
 712              	.LASF4:
 713 01b3 6C6F6E67 		.ascii	"long int\000"
 713      20696E74 
 713      00
 714              	.LASF0:
 715 01bc 7369676E 		.ascii	"signed char\000"
 715      65642063 
 715      68617200 
 716              	.LASF18:
 717 01c8 47656E65 		.ascii	"Generated_Source\\PSoC5\\cymetadata.c\000"
 717      72617465 
 717      645F536F 
 717      75726365 
 717      5C50536F 
 718              		.ident	"GCC: (GNU Tools for ARM Embedded Processors) 5.4.1 20160609 (release) [ARM/embedded-5-bran
ARM GAS  C:\Users\Haythem\AppData\Local\Temp\ccfZ0Z6m.s 			page 15


